<?xml version="1.0" encoding="UTF-8"?>
<testng-results ignored="0" total="1" passed="1" failed="0" skipped="0">
  <reporter-output>
  </reporter-output>
  <suite started-at="2023-12-30T07:57:07 IST" name="Default suite" finished-at="2023-12-30T07:57:08 IST" duration-ms="678">
    <groups>
    </groups>
    <test started-at="2023-12-30T07:57:07 IST" name="Default test" finished-at="2023-12-30T07:57:08 IST" duration-ms="678">
      <class name="jdbc.ExecuteQueryJDBC">
        <test-method signature="readDataFromDataBase()[pri:0, instance:jdbc.ExecuteQueryJDBC@1a451d4d]" started-at="2023-12-30T07:57:08 IST" name="readDataFromDataBase" finished-at="2023-12-30T07:57:08 IST" duration-ms="620" status="PASS">
          <reporter-output>
          </reporter-output>
        </test-method> <!-- readDataFromDataBase -->
      </class> <!-- jdbc.ExecuteQueryJDBC -->
    </test> <!-- Default test -->
  </suite> <!-- Default suite -->
</testng-results>
